This is pdfTeX, Version 3.14159265-2.6-1.40.17 (TeX Live 2016) (preloaded format=pdflatex 2016.5.22)  15 SEP 2016 13:45
entering extended mode
 restricted \write18 enabled.
 file:line:error style messages enabled.
 %&-line parsing enabled.
**ArticleTex.tex
(./ArticleTex.tex
LaTeX2e <2016/03/31>
Babel <3.9r> and hyphenation patterns for 83 language(s) loaded.
(/usr/local/texlive/2016/texmf-dist/tex/latex/base/article.cls
Document Class: article 2014/09/29 v1.4h Standard LaTeX document class
(/usr/local/texlive/2016/texmf-dist/tex/latex/base/size10.clo
File: size10.clo 2014/09/29 v1.4h Standard LaTeX file (size option)
)
\c@part=\count79
\c@section=\count80
\c@subsection=\count81
\c@subsubsection=\count82
\c@paragraph=\count83
\c@subparagraph=\count84
\c@figure=\count85
\c@table=\count86
\abovecaptionskip=\skip41
\belowcaptionskip=\skip42
\bibindent=\dimen102
)
(/usr/local/texlive/2016/texmf-dist/tex/latex/geometry/geometry.sty
Package: geometry 2010/09/12 v5.6 Page Geometry

(/usr/local/texlive/2016/texmf-dist/tex/latex/graphics/keyval.sty
Package: keyval 2014/10/28 v1.15 key=value parser (DPC)
\KV@toks@=\toks14
)
(/usr/local/texlive/2016/texmf-dist/tex/generic/oberdiek/ifpdf.sty
Package: ifpdf 2016/05/14 v3.1 Provides the ifpdf switch
)
(/usr/local/texlive/2016/texmf-dist/tex/generic/oberdiek/ifvtex.sty
Package: ifvtex 2016/05/16 v1.6 Detect VTeX and its facilities (HO)
Package ifvtex Info: VTeX not detected.
)
(/usr/local/texlive/2016/texmf-dist/tex/generic/ifxetex/ifxetex.sty
Package: ifxetex 2010/09/12 v0.6 Provides ifxetex conditional
)
\Gm@cnth=\count87
\Gm@cntv=\count88
\c@Gm@tempcnt=\count89
\Gm@bindingoffset=\dimen103
\Gm@wd@mp=\dimen104
\Gm@odd@mp=\dimen105
\Gm@even@mp=\dimen106
\Gm@layoutwidth=\dimen107
\Gm@layoutheight=\dimen108
\Gm@layouthoffset=\dimen109
\Gm@layoutvoffset=\dimen110
\Gm@dimlist=\toks15
)
(/usr/local/texlive/2016/texmf-dist/tex/latex/amsmath/amsmath.sty
Package: amsmath 2016/03/10 v2.15b AMS math features
\@mathmargin=\skip43

For additional information on amsmath, use the `?' option.
(/usr/local/texlive/2016/texmf-dist/tex/latex/amsmath/amstext.sty
Package: amstext 2000/06/29 v2.01 AMS text

(/usr/local/texlive/2016/texmf-dist/tex/latex/amsmath/amsgen.sty
File: amsgen.sty 1999/11/30 v2.0 generic functions
\@emptytoks=\toks16
\ex@=\dimen111
))
(/usr/local/texlive/2016/texmf-dist/tex/latex/amsmath/amsbsy.sty
Package: amsbsy 1999/11/29 v1.2d Bold Symbols
\pmbraise@=\dimen112
)
(/usr/local/texlive/2016/texmf-dist/tex/latex/amsmath/amsopn.sty
Package: amsopn 2016/03/08 v2.02 operator names
)
\inf@bad=\count90
LaTeX Info: Redefining \frac on input line 199.
\uproot@=\count91
\leftroot@=\count92
LaTeX Info: Redefining \overline on input line 297.
\classnum@=\count93
\DOTSCASE@=\count94
LaTeX Info: Redefining \ldots on input line 394.
LaTeX Info: Redefining \dots on input line 397.
LaTeX Info: Redefining \cdots on input line 518.
\Mathstrutbox@=\box26
\strutbox@=\box27
\big@size=\dimen113
LaTeX Font Info:    Redeclaring font encoding OML on input line 634.
LaTeX Font Info:    Redeclaring font encoding OMS on input line 635.
\macc@depth=\count95
\c@MaxMatrixCols=\count96
\dotsspace@=\muskip10
\c@parentequation=\count97
\dspbrk@lvl=\count98
\tag@help=\toks17
\row@=\count99
\column@=\count100
\maxfields@=\count101
\andhelp@=\toks18
\eqnshift@=\dimen114
\alignsep@=\dimen115
\tagshift@=\dimen116
\tagwidth@=\dimen117
\totwidth@=\dimen118
\lineht@=\dimen119
\@envbody=\toks19
\multlinegap=\skip44
\multlinetaggap=\skip45
\mathdisplay@stack=\toks20
LaTeX Info: Redefining \[ on input line 2739.
LaTeX Info: Redefining \] on input line 2740.
)
(/usr/local/texlive/2016/texmf-dist/tex/latex/amsfonts/amssymb.sty
Package: amssymb 2013/01/14 v3.01 AMS font symbols

(/usr/local/texlive/2016/texmf-dist/tex/latex/amsfonts/amsfonts.sty
Package: amsfonts 2013/01/14 v3.01 Basic AMSFonts support
\symAMSa=\mathgroup4
\symAMSb=\mathgroup5
LaTeX Font Info:    Overwriting math alphabet `\mathfrak' in version `bold'
(Font)                  U/euf/m/n --> U/euf/b/n on input line 106.
))
(/usr/local/texlive/2016/texmf-dist/tex/latex/xcolor/xcolor.sty
Package: xcolor 2016/05/11 v2.12 LaTeX color extensions (UK)

(/usr/local/texlive/2016/texmf-dist/tex/latex/graphics-cfg/color.cfg
File: color.cfg 2016/01/02 v1.6 sample color configuration
)
Package xcolor Info: Driver file: pdftex.def on input line 225.

(/usr/local/texlive/2016/texmf-dist/tex/latex/pdftex-def/pdftex.def
File: pdftex.def 2011/05/27 v0.06d Graphics/color for pdfTeX

(/usr/local/texlive/2016/texmf-dist/tex/generic/oberdiek/infwarerr.sty
Package: infwarerr 2016/05/16 v1.4 Providing info/warning/error messages (HO)
)
(/usr/local/texlive/2016/texmf-dist/tex/generic/oberdiek/ltxcmds.sty
Package: ltxcmds 2016/05/16 v1.23 LaTeX kernel commands for general use (HO)
)
\Gread@gobject=\count102
)
Package xcolor Info: Model `cmy' substituted by `cmy0' on input line 1348.
Package xcolor Info: Model `hsb' substituted by `rgb' on input line 1352.
Package xcolor Info: Model `RGB' extended on input line 1364.
Package xcolor Info: Model `HTML' substituted by `rgb' on input line 1366.
Package xcolor Info: Model `Hsb' substituted by `hsb' on input line 1367.
Package xcolor Info: Model `tHsb' substituted by `hsb' on input line 1368.
Package xcolor Info: Model `HSB' substituted by `hsb' on input line 1369.
Package xcolor Info: Model `Gray' substituted by `gray' on input line 1370.
Package xcolor Info: Model `wave' substituted by `hsb' on input line 1371.

(/usr/local/texlive/2016/texmf-dist/tex/latex/graphics/dvipsnam.def
File: dvipsnam.def 2015/12/30 v3.0k Driver-dependent file (DPC,SPQR)
))
(/usr/local/texlive/2016/texmf-dist/tex/latex/caption/subcaption.sty
Package: subcaption 2016/02/20 v1.1-142 Sub-captions (AR)

(/usr/local/texlive/2016/texmf-dist/tex/latex/caption/caption.sty
Package: caption 2016/02/21 v3.3-144 Customizing captions (AR)

(/usr/local/texlive/2016/texmf-dist/tex/latex/caption/caption3.sty
Package: caption3 2016/02/04 v1.7-139 caption3 kernel (AR)
Package caption3 Info: TeX engine: e-TeX on input line 67.
\captionmargin=\dimen120
\captionmargin@=\dimen121
\captionwidth=\dimen122
\caption@tempdima=\dimen123
\caption@indent=\dimen124
\caption@parindent=\dimen125
\caption@hangindent=\dimen126
)
\c@ContinuedFloat=\count103
)
\c@subfigure=\count104
\c@subtable=\count105
)
(/usr/local/texlive/2016/texmf-dist/tex/latex/hyperref/hyperref.sty
Package: hyperref 2016/05/05 v6.83n Hypertext links for LaTeX

(/usr/local/texlive/2016/texmf-dist/tex/generic/oberdiek/hobsub-hyperref.sty
Package: hobsub-hyperref 2016/05/16 v1.14 Bundle oberdiek, subset hyperref (HO)


(/usr/local/texlive/2016/texmf-dist/tex/generic/oberdiek/hobsub-generic.sty
Package: hobsub-generic 2016/05/16 v1.14 Bundle oberdiek, subset generic (HO)
Package: hobsub 2016/05/16 v1.14 Construct package bundles (HO)
Package hobsub Info: Skipping package `infwarerr' (already loaded).
Package hobsub Info: Skipping package `ltxcmds' (already loaded).
Package: ifluatex 2016/05/16 v1.4 Provides the ifluatex switch (HO)
Package ifluatex Info: LuaTeX not detected.
Package hobsub Info: Skipping package `ifvtex' (already loaded).
Package: intcalc 2016/05/16 v1.2 Expandable calculations with integers (HO)
Package hobsub Info: Skipping package `ifpdf' (already loaded).
Package: etexcmds 2016/05/16 v1.6 Avoid name clashes with e-TeX commands (HO)
Package etexcmds Info: Could not find \expanded.
(etexcmds)             That can mean that you are not using pdfTeX 1.50 or
(etexcmds)             that some package has redefined \expanded.
(etexcmds)             In the latter case, load this package earlier.
Package: kvsetkeys 2016/05/16 v1.17 Key value parser (HO)
Package: kvdefinekeys 2016/05/16 v1.4 Define keys (HO)
Package: pdftexcmds 2016/05/10 v0.21 Utility functions of pdfTeX for LuaTeX (HO
)
Package pdftexcmds Info: LuaTeX not detected.
Package pdftexcmds Info: \pdf@primitive is available.
Package pdftexcmds Info: \pdf@ifprimitive is available.
Package pdftexcmds Info: \pdfdraftmode found.
Package: pdfescape 2016/05/16 v1.14 Implements pdfTeX's escape features (HO)
Package: bigintcalc 2016/05/16 v1.4 Expandable calculations on big integers (HO
)
Package: bitset 2016/05/16 v1.2 Handle bit-vector datatype (HO)
Package: uniquecounter 2016/05/16 v1.3 Provide unlimited unique counter (HO)
)
Package hobsub Info: Skipping package `hobsub' (already loaded).
Package: letltxmacro 2016/05/16 v1.5 Let assignment for LaTeX macros (HO)
Package: hopatch 2016/05/16 v1.3 Wrapper for package hooks (HO)
Package: xcolor-patch 2016/05/16 xcolor patch
Package: atveryend 2016/05/16 v1.9 Hooks at the very end of document (HO)
Package atveryend Info: \enddocument detected (standard20110627).
Package: atbegshi 2016/05/16 v1.17 At begin shipout hook (HO)
Package: refcount 2016/05/16 v3.5 Data extraction from label references (HO)
Package: hycolor 2016/05/16 v1.8 Color options for hyperref/bookmark (HO)
)
(/usr/local/texlive/2016/texmf-dist/tex/latex/oberdiek/auxhook.sty
Package: auxhook 2016/05/16 v1.4 Hooks for auxiliary files (HO)
)
(/usr/local/texlive/2016/texmf-dist/tex/latex/oberdiek/kvoptions.sty
Package: kvoptions 2016/05/16 v3.12 Key value format for package options (HO)
)
\@linkdim=\dimen127
\Hy@linkcounter=\count106
\Hy@pagecounter=\count107

(/usr/local/texlive/2016/texmf-dist/tex/latex/hyperref/pd1enc.def
File: pd1enc.def 2016/05/05 v6.83n Hyperref: PDFDocEncoding definition (HO)
)
\Hy@SavedSpaceFactor=\count108

(/usr/local/texlive/2016/texmf-dist/tex/latex/latexconfig/hyperref.cfg
File: hyperref.cfg 2002/06/06 v1.2 hyperref configuration of TeXLive
)
Package hyperref Info: Hyper figures OFF on input line 4446.
Package hyperref Info: Link nesting OFF on input line 4451.
Package hyperref Info: Hyper index ON on input line 4454.
Package hyperref Info: Plain pages OFF on input line 4461.
Package hyperref Info: Backreferencing OFF on input line 4466.
Package hyperref Info: Implicit mode ON; LaTeX internals redefined.
Package hyperref Info: Bookmarks ON on input line 4691.
\c@Hy@tempcnt=\count109

(/usr/local/texlive/2016/texmf-dist/tex/latex/url/url.sty
\Urlmuskip=\muskip11
Package: url 2013/09/16  ver 3.4  Verb mode for urls, etc.
)
LaTeX Info: Redefining \url on input line 5044.
\XeTeXLinkMargin=\dimen128
\Fld@menulength=\count110
\Field@Width=\dimen129
\Fld@charsize=\dimen130
Package hyperref Info: Hyper figures OFF on input line 6298.
Package hyperref Info: Link nesting OFF on input line 6303.
Package hyperref Info: Hyper index ON on input line 6306.
Package hyperref Info: backreferencing OFF on input line 6313.
Package hyperref Info: Link coloring OFF on input line 6318.
Package hyperref Info: Link coloring with OCG OFF on input line 6323.
Package hyperref Info: PDF/A mode OFF on input line 6328.
LaTeX Info: Redefining \ref on input line 6368.
LaTeX Info: Redefining \pageref on input line 6372.
\Hy@abspage=\count111
\c@Item=\count112
\c@Hfootnote=\count113
)

Package hyperref Message: Driver (autodetected): hpdftex.

(/usr/local/texlive/2016/texmf-dist/tex/latex/hyperref/hpdftex.def
File: hpdftex.def 2016/05/05 v6.83n Hyperref driver for pdfTeX
\Fld@listcount=\count114
\c@bookmark@seq@number=\count115

(/usr/local/texlive/2016/texmf-dist/tex/latex/oberdiek/rerunfilecheck.sty
Package: rerunfilecheck 2016/05/16 v1.8 Rerun checks for auxiliary files (HO)
Package uniquecounter Info: New unique counter `rerunfilecheck' on input line 2
82.
)
\Hy@SectionHShift=\skip46
)
(/usr/local/texlive/2016/texmf-dist/tex/generic/ulem/ulem.sty
\UL@box=\box28
\UL@hyphenbox=\box29
\UL@skip=\skip47
\UL@hook=\toks21
\UL@height=\dimen131
\UL@pe=\count116
\UL@pixel=\dimen132
\ULC@box=\box30
Package: ulem 2012/05/18
\ULdepth=\dimen133
)
(/usr/local/texlive/2016/texmf-dist/tex/latex/tools/indentfirst.sty
Package: indentfirst 1995/11/23 v1.03 Indent first paragraph (DPC)
)
(/usr/local/texlive/2016/texmf-dist/tex/latex/natbib/natbib.sty
Package: natbib 2010/09/13 8.31b (PWD, AO)
\bibhang=\skip48
\bibsep=\skip49
LaTeX Info: Redefining \cite on input line 694.
\c@NAT@ctr=\count117
)
(/usr/local/texlive/2016/texmf-dist/tex/latex/preprint/authblk.sty
Package: authblk 2001/02/27 1.3 (PWD)
\affilsep=\skip50
\@affilsep=\skip51
\c@Maxaffil=\count118
\c@authors=\count119
\c@affil=\count120
)
(/usr/local/texlive/2016/texmf-dist/tex/latex/multirow/multirow.sty
\bigstrutjot=\dimen134
)
(/usr/local/texlive/2016/texmf-dist/tex/latex/appendix/appendix.sty
Package: appendix 2009/09/02 v1.2b extra appendix facilities
\c@@pps=\count121
\c@@ppsavesec=\count122
\c@@ppsaveapp=\count123
)
(/usr/local/texlive/2016/texmf-dist/tex/latex/graphics/graphicx.sty
Package: graphicx 2014/10/28 v1.0g Enhanced LaTeX Graphics (DPC,SPQR)

(/usr/local/texlive/2016/texmf-dist/tex/latex/graphics/graphics.sty
Package: graphics 2016/05/09 v1.0r Standard LaTeX Graphics (DPC,SPQR)

(/usr/local/texlive/2016/texmf-dist/tex/latex/graphics/trig.sty
Package: trig 2016/01/03 v1.10 sin cos tan (DPC)
)
(/usr/local/texlive/2016/texmf-dist/tex/latex/graphics-cfg/graphics.cfg
File: graphics.cfg 2016/01/02 v1.10 sample graphics configuration
)
Package graphics Info: Driver file: pdftex.def on input line 96.
)
\Gin@req@height=\dimen135
\Gin@req@width=\dimen136
)
(./ArticleTex.aux)
\openout1 = `ArticleTex.aux'.

LaTeX Font Info:    Checking defaults for OML/cmm/m/it on input line 22.
LaTeX Font Info:    ... okay on input line 22.
LaTeX Font Info:    Checking defaults for T1/cmr/m/n on input line 22.
LaTeX Font Info:    ... okay on input line 22.
LaTeX Font Info:    Checking defaults for OT1/cmr/m/n on input line 22.
LaTeX Font Info:    ... okay on input line 22.
LaTeX Font Info:    Checking defaults for OMS/cmsy/m/n on input line 22.
LaTeX Font Info:    ... okay on input line 22.
LaTeX Font Info:    Checking defaults for OMX/cmex/m/n on input line 22.
LaTeX Font Info:    ... okay on input line 22.
LaTeX Font Info:    Checking defaults for U/cmr/m/n on input line 22.
LaTeX Font Info:    ... okay on input line 22.
LaTeX Font Info:    Checking defaults for PD1/pdf/m/n on input line 22.
LaTeX Font Info:    ... okay on input line 22.

*geometry* driver: auto-detecting
*geometry* detected driver: pdftex
*geometry* verbose mode - [ preamble ] result:
* driver: pdftex
* paper: <default>
* layout: <same size as paper>
* layoutoffset:(h,v)=(0.0pt,0.0pt)
* modes: 
* h-part:(L,W,R)=(72.26999pt, 469.75502pt, 72.26999pt)
* v-part:(T,H,B)=(50.58878pt, 672.11122pt, 72.26999pt)
* \paperwidth=614.295pt
* \paperheight=794.96999pt
* \textwidth=469.75502pt
* \textheight=672.11122pt
* \oddsidemargin=0.0pt
* \evensidemargin=0.0pt
* \topmargin=-58.68121pt
* \headheight=12.0pt
* \headsep=25.0pt
* \topskip=10.0pt
* \footskip=30.0pt
* \marginparwidth=65.0pt
* \marginparsep=11.0pt
* \columnsep=10.0pt
* \skip\footins=9.0pt plus 4.0pt minus 2.0pt
* \hoffset=0.0pt
* \voffset=0.0pt
* \mag=1000
* \@twocolumnfalse
* \@twosidefalse
* \@mparswitchfalse
* \@reversemarginfalse
* (1in=72.27pt=25.4mm, 1cm=28.453pt)

(/usr/local/texlive/2016/texmf-dist/tex/context/base/mkii/supp-pdf.mkii
[Loading MPS to PDF converter (version 2006.09.02).]
\scratchcounter=\count124
\scratchdimen=\dimen137
\scratchbox=\box31
\nofMPsegments=\count125
\nofMParguments=\count126
\everyMPshowfont=\toks22
\MPscratchCnt=\count127
\MPscratchDim=\dimen138
\MPnumerator=\count128
\makeMPintoPDFobject=\count129
\everyMPtoPDFconversion=\toks23
)
Package caption Info: Begin \AtBeginDocument code.
Package caption Info: hyperref package is loaded.
Package caption Info: End \AtBeginDocument code.
\AtBeginShipoutBox=\box32
Package hyperref Info: Link coloring OFF on input line 22.
 (/usr/local/texlive/2016/texmf-dist/tex/latex/hyperref/nameref.sty
Package: nameref 2012/10/27 v2.43 Cross-referencing by name of section

(/usr/local/texlive/2016/texmf-dist/tex/generic/oberdiek/gettitlestring.sty
Package: gettitlestring 2016/05/16 v1.5 Cleanup title references (HO)
)
\c@section@level=\count130
)
LaTeX Info: Redefining \ref on input line 22.
LaTeX Info: Redefining \pageref on input line 22.
LaTeX Info: Redefining \nameref on input line 22.

(./ArticleTex.out) (./ArticleTex.out)
\@outlinefile=\write3
\openout3 = `ArticleTex.out'.


(/usr/local/texlive/2016/texmf-dist/tex/latex/oberdiek/epstopdf-base.sty
Package: epstopdf-base 2016/05/15 v2.6 Base part for package epstopdf

(/usr/local/texlive/2016/texmf-dist/tex/latex/oberdiek/grfext.sty
Package: grfext 2016/05/16 v1.2 Manage graphics extensions (HO)
)
Package grfext Info: Graphics extension search list:
(grfext)             [.png,.pdf,.jpg,.mps,.jpeg,.jbig2,.jb2,.PNG,.PDF,.JPG,.JPE
G,.JBIG2,.JB2,.eps]
(grfext)             \AppendGraphicsExtensions on input line 456.

(/usr/local/texlive/2016/texmf-dist/tex/latex/latexconfig/epstopdf-sys.cfg
File: epstopdf-sys.cfg 2010/07/13 v1.3 Configuration of (r)epstopdf for TeX Liv
e
))
LaTeX Font Info:    Try loading font information for U+msa on input line 30.

(/usr/local/texlive/2016/texmf-dist/tex/latex/amsfonts/umsa.fd
File: umsa.fd 2013/01/14 v3.01 AMS symbols A
)
LaTeX Font Info:    Try loading font information for U+msb on input line 30.

(/usr/local/texlive/2016/texmf-dist/tex/latex/amsfonts/umsb.fd
File: umsb.fd 2013/01/14 v3.01 AMS symbols B
) [1

{/usr/local/texlive/2016/texmf-var/fonts/map/pdftex/updmap/pdftex.map}] (./Arti
cleTex.toc)
\tf@toc=\write4
\openout4 = `ArticleTex.toc'.


[2] <FluxTowerPic.jpg, id=183, 602.25pt x 398.48875pt>
File: FluxTowerPic.jpg Graphic file (type jpg)
 <use FluxTowerPic.jpg>
Package pdftex.def Info: FluxTowerPic.jpg used on input line 65.
(pdftex.def)             Requested size: 201.99121pt x 133.64809pt.

<FluxTowerPic2.jpg, id=184, 355.3275pt x 451.6875pt>
File: FluxTowerPic2.jpg Graphic file (type jpg)
 <use FluxTowerPic2.jpg>
Package pdftex.def Info: FluxTowerPic2.jpg used on input line 71.
(pdftex.def)             Requested size: 140.92793pt x 179.14862pt.

<Fluxnet.png, id=185, 1589.94pt x 794.97pt>
File: Fluxnet.png Graphic file (type png)
 <use Fluxnet.png>
Package pdftex.def Info: Fluxnet.png used on input line 82.
(pdftex.def)             Requested size: 369.88582pt x 184.93779pt.

<MODISpic2.jpeg, id=189, 200.75pt x 252.945pt>
File: MODISpic2.jpeg Graphic file (type jpg)
 <use MODISpic2.jpeg>
Package pdftex.def Info: MODISpic2.jpeg used on input line 99.
(pdftex.def)             Requested size: 140.92793pt x 177.58134pt.

<MODISpic1.jpg, id=190, 803.0pt x 803.0pt>
File: MODISpic1.jpg Graphic file (type jpg)
 <use MODISpic1.jpg>
Package pdftex.def Info: MODISpic1.jpg used on input line 105.
(pdftex.def)             Requested size: 173.80705pt x 173.80565pt.

<OAP_plot_together.png, id=192, 687.56876pt x 471.7625pt>
File: OAP_plot_together.png Graphic file (type png)

<use OAP_plot_together.png>
Package pdftex.def Info: OAP_plot_together.png used on input line 119.
(pdftex.def)             Requested size: 211.38832pt x 145.0355pt.

<OJP_plot_together.png, id=194, 662.475pt x 481.8pt>
File: OJP_plot_together.png Graphic file (type png)

<use OJP_plot_together.png>
Package pdftex.def Info: OJP_plot_together.png used on input line 126.
(pdftex.def)             Requested size: 211.38832pt x 153.73068pt.

<SOU_plot_together.png, id=195, 656.4525pt x 474.77374pt>
File: SOU_plot_together.png Graphic file (type png)

<use SOU_plot_together.png>
Package pdftex.def Info: SOU_plot_together.png used on input line 133.
(pdftex.def)             Requested size: 211.38832pt x 152.88696pt.

<YJP_plot_together.png, id=196, 672.5125pt x 498.86375pt>
File: YJP_plot_together.png Graphic file (type png)

<use YJP_plot_together.png>
Package pdftex.def Info: YJP_plot_together.png used on input line 139.
(pdftex.def)             Requested size: 211.38832pt x 156.80798pt.
 [3] [4 <./FluxTowerPic.jpg> <./FluxTowerPic2.jpg> <./Fluxnet.png (PNG copy)>] 
<nasaEOS.png, id=228, 1284.8pt x 721.69624pt>
File: nasaEOS.png Graphic file (type png)

<use nasaEOS.png>
Package pdftex.def Info: nasaEOS.png used on input line 173.
(pdftex.def)             Requested size: 455.24408pt x 255.71391pt.
 <inclination.png, id=232, 759.83875pt x 581.17125pt>
File: inclination.png Graphic file (type png)

<use inclination.png>
Package pdftex.def Info: inclination.png used on input line 198.
(pdftex.def)             Requested size: 341.43306pt x 261.15219pt.


Package natbib Warning: Citation `king2007our' on page 5 undefined on input lin
e 199.


Package natbib Warning: Citation `king2007our' on page 5 undefined on input lin
e 199.

[5 <./MODISpic2.jpeg> <./MODISpic1.jpg>]

Package natbib Warning: Citation `misson2007partitioning' on page 6 undefined o
n input line 234.

<soilflux.png, id=244, 263.98625pt x 205.76875pt>
File: soilflux.png Graphic file (type png)
 <use soilflux.png>
Package pdftex.def Info: soilflux.png used on input line 239.
(pdftex.def)             Requested size: 170.71652pt x 133.06676pt.
 [6 <./OAP_plot_together.png> <./OJP_plot_together.png> <./SOU_plot_together.pn
g> <./YJP_plot_together.png>] [7 <./nasaEOS.png> <./inclination.png>]
<QCmodis1.png, id=265, 811.03pt x 262.9825pt>
File: QCmodis1.png Graphic file (type png)
 <use QCmodis1.png>
Package pdftex.def Info: QCmodis1.png used on input line 258.
(pdftex.def)             Requested size: 398.33858pt x 129.16751pt.


Package natbib Warning: Citation `heinsch2006evaluation' on page 8 undefined on
 input line 272.


Package natbib Warning: Citation `kalfas2011modeling' on page 8 undefined on in
put line 272.


Package natbib Warning: Citation `cleugh2007regional' on page 8 undefined on in
put line 272.


Package natbib Warning: Citation `moffat2007comprehensive' on page 8 undefined 
on input line 274.

[8 <./soilflux.png> <./QCmodis1.png>]

Package natbib Warning: Citation `klosterman2014evaluating' on page 9 undefined
 on input line 276.


Package natbib Warning: Citation `klosterman2014evaluating' on page 9 undefined
 on input line 276.


Package natbib Warning: Citation `yang2007developing' on page 9 undefined on in
put line 278.


Package natbib Warning: Citation `yang2006prediction' on page 9 undefined on in
put line 278.


Package natbib Warning: Citation `levitin2007introduction' on page 9 undefined 
on input line 285.


Package natbib Warning: Citation `levitin2007introduction' on page 9 undefined 
on input line 286.


Package natbib Warning: Citation `epifanio2011functional' on page 9 undefined o
n input line 293.


Package natbib Warning: Citation `epifanio2014hippocampal' on page 9 undefined 
on input line 293.


Package natbib Warning: Citation `leng2006classification' on page 9 undefined o
n input line 293.


Package natbib Warning: Citation `reimherr2014functional' on page 9 undefined o
n input line 293.


Package natbib Warning: Citation `tian2010functional' on page 9 undefined on in
put line 293.


Package natbib Warning: Citation `burfield2015review' on page 9 undefined on in
put line 294.


Package natbib Warning: Citation `dass2012introducing' on page 9 undefined on i
nput line 295.


Package natbib Warning: Citation `muelas2016facing' on page 9 undefined on inpu
t line 295.


Package natbib Warning: Citation `gorrostieta2014characterization' on page 9 un
defined on input line 295.


Package natbib Warning: Citation `martinez2014air' on page 9 undefined on input
 line 295.


Package natbib Warning: Citation `martinez2014air' on page 9 undefined on input
 line 297.


Package natbib Warning: Citation `reimherr2014functional' on page 9 undefined o
n input line 297.


Package natbib Warning: Citation `nikitovic2011functional' on page 9 undefined 
on input line 297.

<egsmooth.png, id=275, 512.91624pt x 432.61626pt>
File: egsmooth.png Graphic file (type png)
 <use egsmooth.png>
Package pdftex.def Info: egsmooth.png used on input line 301.
(pdftex.def)             Requested size: 227.62204pt x 191.98883pt.


Package natbib Warning: Citation `FDAGiles' on page 9 undefined on input line 3
02.


Package natbib Warning: Citation `FDAGiles' on page 9 undefined on input line 3
02.


Package natbib Warning: Citation `ramsay2006functional' on page 9 undefined on 
input line 307.

[9 <./egsmooth.png>]

Package natbib Warning: Citation `ramsay2006functional' on page 10 undefined on
 input line 310.

<egregistration.png, id=287, 675.52374pt x 378.41376pt>
File: egregistration.png Graphic file (type png)

<use egregistration.png>
Package pdftex.def Info: egregistration.png used on input line 314.
(pdftex.def)             Requested size: 398.33858pt x 223.1467pt.


Package natbib Warning: Citation `FDAGiles' on page 10 undefined on input line 
315.


Package natbib Warning: Citation `FDAGiles' on page 10 undefined on input line 
315.


Package natbib Warning: Citation `hijazi2009modelling' on page 10 undefined on 
input line 323.


Package natbib Warning: Citation `gueorguieva2008dirichlet' on page 10 undefine
d on input line 323.


Package natbib Warning: Citation `maier2014dirichletreg' on page 10 undefined o
n input line 323.


Package natbib Warning: Citation `boukal2015analyses' on page 10 undefined on i
nput line 323.

[10 <./egregistration.png>]
Overfull \hbox (10.61972pt too wide) in paragraph at lines 387--397
 [][] 
 []

<OAPmodis1.png, id=302, 807.015pt x 273.02pt>
File: OAPmodis1.png Graphic file (type png)
 <use OAPmodis1.png>
Package pdftex.def Info: OAPmodis1.png used on input line 405.
(pdftex.def)             Requested size: 398.33858pt x 134.75996pt.

<OJPmodis1.png, id=304, 808.01875pt x 269.005pt>
File: OJPmodis1.png Graphic file (type png)
 <use OJPmodis1.png>
Package pdftex.def Info: OJPmodis1.png used on input line 414.
(pdftex.def)             Requested size: 398.33858pt x 132.61401pt.

<SOUmodis1.png, id=306, 818.05624pt x 265.99374pt>
File: SOUmodis1.png Graphic file (type png)
 <use SOUmodis1.png>
Package pdftex.def Info: SOUmodis1.png used on input line 423.
(pdftex.def)             Requested size: 398.33858pt x 129.52226pt.
 [11]
<YJPmodis1.png, id=319, 813.0375pt x 268.00125pt>
File: YJPmodis1.png Graphic file (type png)
 <use YJPmodis1.png>
Package pdftex.def Info: YJPmodis1.png used on input line 432.
(pdftex.def)             Requested size: 398.33858pt x 131.3013pt.

<oapndvi.png, id=324, 751.80875pt x 239.89626pt>
File: oapndvi.png Graphic file (type png)
 <use oapndvi.png>
Package pdftex.def Info: oapndvi.png used on input line 441.
(pdftex.def)             Requested size: 398.33858pt x 127.10779pt.

<ojpndvi.png, id=325, 768.8725pt x 263.98625pt>
File: ojpndvi.png Graphic file (type png)
 <use ojpndvi.png>
Package pdftex.def Info: ojpndvi.png used on input line 448.
(pdftex.def)             Requested size: 398.33858pt x 136.77011pt.

<soundvi.png, id=326, 780.9175pt x 265.99374pt>
File: soundvi.png Graphic file (type png)
 <use soundvi.png>
Package pdftex.def Info: soundvi.png used on input line 455.
(pdftex.def)             Requested size: 398.33858pt x 135.67935pt.

<yjpndvi.png, id=327, 759.83875pt x 258.9675pt>
File: yjpndvi.png Graphic file (type png)
 <use yjpndvi.png>
Package pdftex.def Info: yjpndvi.png used on input line 462.
(pdftex.def)             Requested size: 398.33858pt x 135.76237pt.
 [12 <./OAPmodis1.png> <./OJPmodis1.png> <./SOUmodis1.png>] [13 <./YJPmodis1.pn
g> <./oapndvi.png> <./ojpndvi.png>] <res3.png, id=360, 848.16875pt x 370.38374p
t>
File: res3.png Graphic file (type png)

<use res3.png>
Package pdftex.def Info: res3.png used on input line 486.
(pdftex.def)             Requested size: 398.33858pt x 173.9504pt.
 <resOAP.png, id=361, 848.16875pt x 237.88875pt>
File: resOAP.png Graphic file (type png)

<use resOAP.png>
Package pdftex.def Info: resOAP.png used on input line 493.
(pdftex.def)             Requested size: 399.29463pt x 111.99284pt.
 <resOJP.png, id=362, 842.14626pt x 236.885pt>
File: resOJP.png Graphic file (type png)

<use resOJP.png>
Package pdftex.def Info: resOJP.png used on input line 498.
(pdftex.def)             Requested size: 399.29463pt x 112.3155pt.
 <resSOU.png, id=363, 836.12375pt x 223.83624pt>
File: resSOU.png Graphic file (type png)

<use resSOU.png>
Package pdftex.def Info: resSOU.png used on input line 503.
(pdftex.def)             Requested size: 399.29463pt x 106.89711pt.
 <resYJP.png, id=364, 845.1575pt x 221.82875pt>
File: resYJP.png Graphic file (type png)

<use resYJP.png>
Package pdftex.def Info: resYJP.png used on input line 508.
(pdftex.def)             Requested size: 399.29463pt x 104.80447pt.
 [14 <./soundvi.png> <./yjpndvi.png>]
Overfull \hbox (43.88464pt too wide) in paragraph at lines 568--573
 [][] 
 []

<Original2.png, id=376, 652.4375pt x 455.7025pt>
File: Original2.png Graphic file (type png)
 <use Original2.png>
Package pdftex.def Info: Original2.png used on input line 577.
(pdftex.def)             Requested size: 272.45877pt x 190.30899pt.
 [15 <./res3.png>] [16 <./resOAP.png> <./resOJP.png> <./resSOU.png> <./resYJP.p
ng>]
<WarppingOAP4.png, id=404, 608.2725pt x 538.01pt>
File: WarppingOAP4.png Graphic file (type png)
 <use WarppingOAP4.png>
Package pdftex.def Info: WarppingOAP4.png used on input line 604.
(pdftex.def)             Requested size: 211.38832pt x 186.96819pt.

<LandmarkDiff3.png, id=405, 608.2725pt x 538.01pt>
File: LandmarkDiff3.png Graphic file (type png)
 <use LandmarkDiff3.png>
Package pdftex.def Info: LandmarkDiff3.png used on input line 609.
(pdftex.def)             Requested size: 211.38832pt x 186.96819pt.

[17 <./Original2.png>] <Regi1.png, id=423, 653.44125pt x 453.695pt>
File: Regi1.png Graphic file (type png)

<use Regi1.png>
Package pdftex.def Info: Regi1.png used on input line 635.
(pdftex.def)             Requested size: 281.85587pt x 195.69424pt.
 [18 <./WarppingOAP4.png> <./LandmarkDiff3.png> <./Regi1.png>]
<regiSimi1.png, id=439, 665.48625pt x 472.76625pt>
File: regiSimi1.png Graphic file (type png)
 <use regiSimi1.png>
Package pdftex.def Info: regiSimi1.png used on input line 702.
(pdftex.def)             Requested size: 281.85587pt x 200.23407pt.
 [19]
<BadS2.png, id=456, 677.53125pt x 410.53375pt>
File: BadS2.png Graphic file (type png)
 <use BadS2.png>
Package pdftex.def Info: BadS2.png used on input line 728.
(pdftex.def)             Requested size: 211.38832pt x 128.08476pt.

<GoodS2.png, id=457, 664.4825pt x 403.5075pt>
File: GoodS2.png Graphic file (type png)
 <use GoodS2.png>
Package pdftex.def Info: GoodS2.png used on input line 734.
(pdftex.def)             Requested size: 211.38832pt x 128.36772pt.
 [20 <./regiSimi1.png> <./BadS2.png> <./GoodS2.png>]

Package natbib Warning: Citation `camargo2012estimation' on page 21 undefined o
n input line 796.


Package natbib Warning: Citation `hijazi2009modelling' on page 21 undefined on 
input line 798.

<RealSimu.png, id=474, 630.355pt x 466.74374pt>
File: RealSimu.png Graphic file (type png)
 <use RealSimu.png>
Package pdftex.def Info: RealSimu.png used on input line 814.
(pdftex.def)             Requested size: 281.85587pt x 208.70094pt.
 [21]
[22 <./RealSimu.png>]
LaTeX Font Info:    Try loading font information for OMS+cmr on input line 944.


(/usr/local/texlive/2016/texmf-dist/tex/latex/base/omscmr.fd
File: omscmr.fd 2014/09/29 v2.5h Standard LaTeX font definitions
)
LaTeX Font Info:    Font shape `OMS/cmr/m/n' in size <10> not available
(Font)              Font shape `OMS/cmsy/m/n' tried instead on input line 944.
 [23]
<AllSites.png, id=529, 1113.15875pt x 608.2725pt>
File: AllSites.png Graphic file (type png)
 <use AllSites.png>
Package pdftex.def Info: AllSites.png used on input line 982.
(pdftex.def)             Requested size: 398.33858pt x 217.66925pt.
 [24]
[25 <./AllSites.png>] [26

] [27]
Overfull \hbox (2.74086pt too wide) in paragraph at lines 1155--1155
[]\OT1/cmtt/m/n/10 spe <-c(rep("OldAspen",length(OldAspen_NDVI)),rep("OldJackPi
ne",length(OldJackPine_NDVI)),[] 
 []

[28] [29] [30]
No file ArticleTex.bbl.

Package natbib Warning: There were undefined citations.

Package atveryend Info: Empty hook `BeforeClearDocument' on input line 1239.
Package atveryend Info: Empty hook `AfterLastShipout' on input line 1239.
(./ArticleTex.aux)
Package atveryend Info: Executing hook `AtVeryEndDocument' on input line 1239.
Package atveryend Info: Executing hook `AtEndAfterFileList' on input line 1239.

Package rerunfilecheck Info: File `ArticleTex.out' has not changed.
(rerunfilecheck)             Checksum: 376D7624C4AC5B7BA7E775F481A666DE;2101.
Package atveryend Info: Empty hook `AtVeryVeryEnd' on input line 1239.
 ) 
Here is how much of TeX's memory you used:
 9106 strings out of 493014
 133607 string characters out of 6133351
 237918 words of memory out of 5000000
 12307 multiletter control sequences out of 15000+600000
 14905 words of font info for 60 fonts, out of 8000000 for 9000
 1141 hyphenation exceptions out of 8191
 42i,20n,40p,1785b,509s stack positions out of 5000i,500n,10000p,200000b,80000s
</usr/local/texlive/2016/texmf-dist/fonts/type1/public/amsfonts/cm/cmbx10.pfb
></usr/local/texlive/2016/texmf-dist/fonts/type1/public/amsfonts/cm/cmbx12.pfb>
</usr/local/texlive/2016/texmf-dist/fonts/type1/public/amsfonts/cm/cmex10.pfb><
/usr/local/texlive/2016/texmf-dist/fonts/type1/public/amsfonts/cm/cmmi10.pfb></
usr/local/texlive/2016/texmf-dist/fonts/type1/public/amsfonts/cm/cmmi5.pfb></us
r/local/texlive/2016/texmf-dist/fonts/type1/public/amsfonts/cm/cmmi7.pfb></usr/
local/texlive/2016/texmf-dist/fonts/type1/public/amsfonts/cm/cmr10.pfb></usr/lo
cal/texlive/2016/texmf-dist/fonts/type1/public/amsfonts/cm/cmr12.pfb></usr/loca
l/texlive/2016/texmf-dist/fonts/type1/public/amsfonts/cm/cmr17.pfb></usr/local/
texlive/2016/texmf-dist/fonts/type1/public/amsfonts/cm/cmr5.pfb></usr/local/tex
live/2016/texmf-dist/fonts/type1/public/amsfonts/cm/cmr6.pfb></usr/local/texliv
e/2016/texmf-dist/fonts/type1/public/amsfonts/cm/cmr7.pfb></usr/local/texlive/2
016/texmf-dist/fonts/type1/public/amsfonts/cm/cmr8.pfb></usr/local/texlive/2016
/texmf-dist/fonts/type1/public/amsfonts/cm/cmr9.pfb></usr/local/texlive/2016/te
xmf-dist/fonts/type1/public/amsfonts/cm/cmsy10.pfb></usr/local/texlive/2016/tex
mf-dist/fonts/type1/public/amsfonts/cm/cmsy7.pfb></usr/local/texlive/2016/texmf
-dist/fonts/type1/public/amsfonts/cm/cmtt10.pfb></usr/local/texlive/2016/texmf-
dist/fonts/type1/public/amsfonts/cm/cmtt8.pfb></usr/local/texlive/2016/texmf-di
st/fonts/type1/public/amsfonts/latxfont/lasy6.pfb></usr/local/texlive/2016/texm
f-dist/fonts/type1/public/amsfonts/symbols/msbm10.pfb>
Output written on ArticleTex.pdf (30 pages, 4572456 bytes).
PDF statistics:
 711 PDF objects out of 1000 (max. 8388607)
 585 compressed objects within 6 object streams
 186 named destinations out of 1000 (max. 500000)
 434 words of extra memory for PDF output out of 10000 (max. 10000000)

